INFO: El sistema se inició correctamente.
WARNING: El uso de memoria está por encima del 80%.
ERROR: No se pudo conectar a la base de datos.
INFO: Tarea completada correctamente.
ERROR: No se pudo enviar el correo.
WARNING: El archivo de configuración no existe.
INFO: Usuario autenticado correctamente.
ERROR: Tiempo de respuesta excedido.
INFO: Solicitud de usuario procesada correctamente.
ERROR: Fallo en la autenticación de usuario.
WARNING: Baja disponibilidad del servicio.
INFO: Tarea programada ejecutada exitosamente.
ERROR: Archivo de configuración dañado.
WARNING: Latencia elevada en el servicio.
INFO: Usuario desconectado correctamente.
ERROR: Permiso denegado para el recurso solicitado.
WARNING: Uso de disco superior al 90%.
ERROR: Fallo en la sincronización de datos.
INFO: Conexión establecida con el servidor.
ERROR: Tiempo de espera agotado para la solicitud.
INFO: Registro de actividad actualizado.
WARNING: La versión del software está desactualizada.
ERROR: No se pudo cargar el módulo de seguridad.
ERROR: Memoria insuficiente para ejecutar el proceso.
INFO: Copia de seguridad completada.
ERROR: Error en la actualización del sistema.
INFO: Servicio iniciado correctamente.
WARNING: Módulo de red no responde.
ERROR: No se pudo establecer la conexión SSL.
INFO: Base de datos sincronizada correctamente.
